<?xml version="1.0" encoding="utf-8"?><testsuites><testsuite name="pytest" errors="0" failures="0" skipped="0" tests="12" time="0.144" timestamp="2025-03-11T14:52:30.591827+00:00" hostname="fv-az1306-103"><testcase classname="tests.test_cli" name="test_main_no_args" time="0.004" /><testcase classname="tests.test_cli" name="test_main_with_input_file" time="0.008" /><testcase classname="tests.test_cli" name="test_main_with_output_file" time="0.005" /><testcase classname="tests.test_cli" name="test_main_with_debug_flag" time="0.007" /><testcase classname="tests.test_cli" name="test_main_keyboard_interrupt" time="0.004" /><testcase classname="tests.test_cli" name="test_main_unhandled_exception" time="0.005" /><testcase classname="tests.test_system" name="test_convert" time="0.001" /><testcase classname="tests.test_system" name="test_autoretry_convert" time="0.001" /><testcase classname="tests.test_system" name="test_dedupe_convert" time="0.001" /><testcase classname="tests.test_system" name="test_ids_are_unique" time="0.001" /><testcase classname="tests.test_system" name="test_parametrized_convert[False]" time="0.001" /><testcase classname="tests.test_system" name="test_parametrized_convert[True]" time="0.001" /></testsuite></testsuites>